2024-07-03 12:15:05 - __main__ - INFO - Training Loss : []
2024-07-03 12:15:05 - __main__ - INFO - Validation Loss : []
2024-07-03 12:19:27 - __main__ - INFO - Batch Number : 1000, Training Loss : 1.1135915826846075
2024-07-03 12:23:40 - __main__ - INFO - Batch Number : 2000, Training Loss : 0.9728277048607101
2024-07-03 12:27:49 - __main__ - INFO - Batch Number : 3000, Training Loss : 0.9101398148583556
2024-07-03 12:30:57 - __main__ - INFO - Train loss 0.8798427247186862
2024-07-03 12:31:45 - __main__ - INFO - Validation loss 0.7797124334998222
2024-07-03 12:31:46 - __main__ - INFO - Model Saved
2024-07-03 12:31:46 - __main__ - INFO - Training Loss : [0.8798427247186862]
2024-07-03 12:31:46 - __main__ - INFO - Validation Loss : [0.7797124334998222]
2024-07-03 12:36:09 - __main__ - INFO - Batch Number : 1000, Training Loss : 0.6173686465838334
2024-07-03 12:40:19 - __main__ - INFO - Batch Number : 2000, Training Loss : 0.6102559904138307
2024-07-03 12:44:30 - __main__ - INFO - Batch Number : 3000, Training Loss : 0.6098182840531605
2024-07-03 12:47:36 - __main__ - INFO - Train loss 0.6022968907286925
2024-07-03 12:48:25 - __main__ - INFO - Validation loss 0.6999913253890935
2024-07-03 12:48:26 - __main__ - INFO - Model Saved
2024-07-03 12:48:26 - __main__ - INFO - Training Loss : [0.8798427247186862, 0.6022968907286925]
2024-07-03 12:48:26 - __main__ - INFO - Validation Loss : [0.7797124334998222, 0.6999913253890935]
2024-07-03 12:52:52 - __main__ - INFO - Batch Number : 1000, Training Loss : 0.4811126355167393
2024-07-03 12:57:02 - __main__ - INFO - Batch Number : 2000, Training Loss : 0.4763498075421842
2024-07-03 13:01:12 - __main__ - INFO - Batch Number : 3000, Training Loss : 0.475717509301334
2024-07-03 13:04:19 - __main__ - INFO - Train loss 0.4734518699260506
2024-07-03 13:05:09 - __main__ - INFO - Validation loss 0.6783094186899759
2024-07-03 13:05:11 - __main__ - INFO - Model Saved
2024-07-03 13:05:11 - __main__ - INFO - Training Loss : [0.8798427247186862, 0.6022968907286925, 0.4734518699260506]
2024-07-03 13:05:11 - __main__ - INFO - Validation Loss : [0.7797124334998222, 0.6999913253890935, 0.6783094186899759]
2024-07-03 13:09:33 - __main__ - INFO - Batch Number : 1000, Training Loss : 0.3913975693397112
2024-07-03 13:13:43 - __main__ - INFO - Batch Number : 2000, Training Loss : 0.3944505571738176
2024-07-03 13:17:53 - __main__ - INFO - Batch Number : 3000, Training Loss : 0.3927529398171912
2024-07-03 13:21:01 - __main__ - INFO - Train loss 0.3912655536876544
2024-07-03 13:21:51 - __main__ - INFO - Validation loss 0.6820735020169826
2024-07-03 13:21:52 - __main__ - INFO - Model Saved
