2024-10-02 12:31:45 - __main__ - INFO - Model Name: ../Saved_Models/Sky/fine-tuned-bert-sentiment_2024_10_02_0
2024-10-02 12:31:45 - __main__ - INFO - Training Loss : []
2024-10-02 12:31:45 - __main__ - INFO - Validation Loss : []
2024-10-02 12:36:47 - __main__ - INFO - Model Name: ../Saved_Models/Sky/fine-tuned-bert-sentiment_2024_10_02_0
2024-10-02 12:36:47 - __main__ - INFO - Training Loss : []
2024-10-02 12:36:47 - __main__ - INFO - Validation Loss : []
2024-10-02 12:46:41 - __main__ - INFO - Batch Number : 1000, Training Loss : 1.7652473704560059
2024-10-02 12:56:14 - __main__ - INFO - Batch Number : 2000, Training Loss : 1.7372643955048175
2024-10-02 13:05:55 - __main__ - INFO - Batch Number : 3000, Training Loss : 1.7197722654090806
2024-10-02 13:15:45 - __main__ - INFO - Batch Number : 4000, Training Loss : 1.711707620501846
2024-10-02 13:25:43 - __main__ - INFO - Batch Number : 5000, Training Loss : 1.708750245458387
2024-10-02 13:35:41 - __main__ - INFO - Batch Number : 6000, Training Loss : 1.7044586651157565
2024-10-02 13:45:37 - __main__ - INFO - Batch Number : 7000, Training Loss : 1.7014363315586976
2024-10-02 13:55:35 - __main__ - INFO - Batch Number : 8000, Training Loss : 1.6993208657151653
2024-10-02 14:05:25 - __main__ - INFO - Batch Number : 9000, Training Loss : 1.696448300447269
2024-10-02 14:15:04 - __main__ - INFO - Saving checkpoint
2024-10-02 14:24:48 - __main__ - INFO - Batch Number : 11000, Training Loss : 1.6931728969356297
2024-10-02 14:34:28 - __main__ - INFO - Batch Number : 12000, Training Loss : 1.6907300156669292
2024-10-02 14:44:08 - __main__ - INFO - Batch Number : 13000, Training Loss : 1.6897339983753366
2024-10-02 14:53:47 - __main__ - INFO - Batch Number : 14000, Training Loss : 1.6869820448919906
2024-10-02 15:03:26 - __main__ - INFO - Batch Number : 15000, Training Loss : 1.6849393529754013
2024-10-02 15:13:05 - __main__ - INFO - Batch Number : 16000, Training Loss : 1.6832462925067895
2024-10-02 15:23:06 - __main__ - INFO - Batch Number : 17000, Training Loss : 1.6828932947803543
2024-10-02 15:32:54 - __main__ - INFO - Batch Number : 18000, Training Loss : 1.6814945751985215
2024-10-02 15:42:30 - __main__ - INFO - Batch Number : 19000, Training Loss : 1.6804113514338297
2024-10-02 15:52:07 - __main__ - INFO - Saving checkpoint
2024-10-02 16:01:48 - __main__ - INFO - Batch Number : 21000, Training Loss : 1.6779629104940967
2024-10-02 16:11:22 - __main__ - INFO - Batch Number : 22000, Training Loss : 1.676961833253773
2024-10-02 16:20:55 - __main__ - INFO - Batch Number : 23000, Training Loss : 1.6755780177716872
2024-10-02 16:30:35 - __main__ - INFO - Batch Number : 24000, Training Loss : 1.6746808302861433
2024-10-02 16:40:08 - __main__ - INFO - Batch Number : 25000, Training Loss : 1.6736697751692995
2024-10-02 16:49:43 - __main__ - INFO - Batch Number : 26000, Training Loss : 1.6726716853640116
2024-10-02 16:59:25 - __main__ - INFO - Batch Number : 27000, Training Loss : 1.6715291716335818
2024-10-02 17:08:58 - __main__ - INFO - Batch Number : 28000, Training Loss : 1.6699494952646938
2024-10-02 17:18:34 - __main__ - INFO - Batch Number : 29000, Training Loss : 1.669507550345853
2024-10-02 17:28:13 - __main__ - INFO - Saving checkpoint
2024-10-02 17:37:51 - __main__ - INFO - Batch Number : 31000, Training Loss : 1.6681273631346094
2024-10-02 17:47:44 - __main__ - INFO - Batch Number : 32000, Training Loss : 1.6668876781554443
2024-10-02 17:57:38 - __main__ - INFO - Batch Number : 33000, Training Loss : 1.6657497981684393
2024-10-02 18:07:07 - __main__ - INFO - Batch Number : 34000, Training Loss : 1.6647094577066177
2024-10-02 18:16:45 - __main__ - INFO - Batch Number : 35000, Training Loss : 1.663748082728976
2024-10-02 18:26:29 - __main__ - INFO - Batch Number : 36000, Training Loss : 1.6625641633875121
2024-10-02 18:36:06 - __main__ - INFO - Batch Number : 37000, Training Loss : 1.661147927099658
2024-10-02 18:45:43 - __main__ - INFO - Batch Number : 38000, Training Loss : 1.6604300471959073
2024-10-02 18:55:11 - __main__ - INFO - Batch Number : 39000, Training Loss : 1.6593470864960946
2024-10-02 19:04:37 - __main__ - INFO - Saving checkpoint
2024-10-02 19:14:07 - __main__ - INFO - Batch Number : 41000, Training Loss : 1.6567593564484422
2024-10-02 19:23:32 - __main__ - INFO - Batch Number : 42000, Training Loss : 1.6557631225138176
2024-10-02 19:32:58 - __main__ - INFO - Batch Number : 43000, Training Loss : 1.6550704313043645
2024-10-02 19:42:24 - __main__ - INFO - Batch Number : 44000, Training Loss : 1.653781734224921
2024-10-02 19:51:49 - __main__ - INFO - Batch Number : 45000, Training Loss : 1.6525771002571217
2024-10-02 20:01:17 - __main__ - INFO - Batch Number : 46000, Training Loss : 1.6516897009366522
2024-10-02 20:10:40 - __main__ - INFO - Batch Number : 47000, Training Loss : 1.6503272618018034
2024-10-02 20:20:04 - __main__ - INFO - Batch Number : 48000, Training Loss : 1.649297525644506
2024-10-02 20:29:37 - __main__ - INFO - Batch Number : 49000, Training Loss : 1.648874857673056
2024-10-02 20:39:18 - __main__ - INFO - Saving checkpoint
2024-10-02 20:49:03 - __main__ - INFO - Batch Number : 51000, Training Loss : 1.6474918630650874
2024-10-02 20:58:43 - __main__ - INFO - Batch Number : 52000, Training Loss : 1.6468149020163794
2024-10-02 21:08:23 - __main__ - INFO - Batch Number : 53000, Training Loss : 1.645971284278422
2024-10-02 21:17:49 - __main__ - INFO - Batch Number : 54000, Training Loss : 1.644932629129374
2024-10-02 21:27:15 - __main__ - INFO - Batch Number : 55000, Training Loss : 1.6442773492837464
2024-10-02 21:36:40 - __main__ - INFO - Batch Number : 56000, Training Loss : 1.6435911791987408
2024-10-02 21:46:06 - __main__ - INFO - Batch Number : 57000, Training Loss : 1.6425134572286828
2024-10-02 21:55:31 - __main__ - INFO - Batch Number : 58000, Training Loss : 1.6416113239662706
2024-10-02 22:04:58 - __main__ - INFO - Batch Number : 59000, Training Loss : 1.640727753670619
2024-10-02 22:14:23 - __main__ - INFO - Saving checkpoint
2024-10-02 22:23:53 - __main__ - INFO - Batch Number : 61000, Training Loss : 1.6388464141211738
2024-10-02 22:33:41 - __main__ - INFO - Batch Number : 62000, Training Loss : 1.6377516563397332
2024-10-02 22:43:31 - __main__ - INFO - Batch Number : 63000, Training Loss : 1.6365355026905306
2024-10-02 22:53:22 - __main__ - INFO - Batch Number : 64000, Training Loss : 1.6355466081949661
2024-10-02 23:03:08 - __main__ - INFO - Batch Number : 65000, Training Loss : 1.6347126465264021
2024-10-02 23:12:55 - __main__ - INFO - Batch Number : 66000, Training Loss : 1.6336367356502832
2024-10-02 23:19:17 - __main__ - INFO - Train loss 1.633023323211066
2024-10-02 23:23:08 - __main__ - INFO - Batch Number : 1000, Validation Loss : 1.84480502948418
2024-10-02 23:26:57 - __main__ - INFO - Batch Number : 2000, Validation Loss : 1.8425372906889337
2024-10-02 23:30:48 - __main__ - INFO - Batch Number : 3000, Validation Loss : 1.8437277319351064
2024-10-02 23:34:36 - __main__ - INFO - Batch Number : 4000, Validation Loss : 1.8655700098869354
2024-10-02 23:38:10 - __main__ - INFO - Batch Number : 5000, Validation Loss : 1.8862321512314397
2024-10-02 23:41:45 - __main__ - INFO - Batch Number : 6000, Validation Loss : 1.9035098919856948
2024-10-02 23:44:08 - __main__ - INFO - Validation loss 1.912254527307297
2024-10-02 23:44:09 - __main__ - INFO - Model Saved
2024-10-02 23:44:09 - __main__ - INFO - Calculating Rouge Score of the model...
2024-10-02 23:44:11 - absl - INFO - Using default tokenizer.
2024-10-02 23:44:11 - absl - INFO - Using default tokenizer.
2024-10-02 23:44:13 - absl - INFO - Using default tokenizer.
2024-10-02 23:44:13 - absl - INFO - Using default tokenizer.
2024-10-02 23:44:14 - absl - INFO - Using default tokenizer.
2024-10-02 23:44:14 - absl - INFO - Using default tokenizer.
2024-10-02 23:44:14 - absl - INFO - Using default tokenizer.
2024-10-02 23:44:15 - absl - INFO - Using default tokenizer.
2024-10-02 23:44:16 - absl - INFO - Using default tokenizer.
2024-10-02 23:44:17 - absl - INFO - Using default tokenizer.
2024-10-02 23:44:17 - absl - INFO - Using default tokenizer.
2024-10-02 23:44:18 - absl - INFO - Using default tokenizer.
2024-10-02 23:44:18 - absl - INFO - Using default tokenizer.
2024-10-02 23:44:19 - absl - INFO - Using default tokenizer.
2024-10-02 23:44:19 - absl - INFO - Using default tokenizer.
2024-10-02 23:44:20 - absl - INFO - Using default tokenizer.
2024-10-02 23:44:20 - absl - INFO - Using default tokenizer.
2024-10-02 23:44:20 - absl - INFO - Using default tokenizer.
2024-10-02 23:44:21 - absl - INFO - Using default tokenizer.
2024-10-02 23:44:21 - absl - INFO - Using default tokenizer.
2024-10-02 23:44:21 - absl - INFO - Using default tokenizer.
2024-10-02 23:44:22 - absl - INFO - Using default tokenizer.
2024-10-02 23:44:22 - absl - INFO - Using default tokenizer.
2024-10-02 23:44:23 - absl - INFO - Using default tokenizer.
2024-10-02 23:44:24 - absl - INFO - Using default tokenizer.
2024-10-02 23:44:24 - absl - INFO - Using default tokenizer.
2024-10-02 23:44:25 - absl - INFO - Using default tokenizer.
2024-10-02 23:44:25 - absl - INFO - Using default tokenizer.
2024-10-02 23:44:26 - absl - INFO - Using default tokenizer.
2024-10-02 23:44:27 - absl - INFO - Using default tokenizer.
2024-10-02 23:44:27 - absl - INFO - Using default tokenizer.
2024-10-02 23:44:28 - absl - INFO - Using default tokenizer.
2024-10-02 23:44:28 - absl - INFO - Using default tokenizer.
2024-10-02 23:44:29 - absl - INFO - Using default tokenizer.
2024-10-02 23:44:29 - absl - INFO - Using default tokenizer.
2024-10-02 23:44:31 - absl - INFO - Using default tokenizer.
2024-10-02 23:44:31 - absl - INFO - Using default tokenizer.
2024-10-02 23:44:32 - absl - INFO - Using default tokenizer.
2024-10-02 23:44:32 - absl - INFO - Using default tokenizer.
2024-10-02 23:44:33 - absl - INFO - Using default tokenizer.
2024-10-02 23:44:33 - absl - INFO - Using default tokenizer.
2024-10-02 23:44:33 - absl - INFO - Using default tokenizer.
2024-10-02 23:44:34 - absl - INFO - Using default tokenizer.
2024-10-02 23:44:35 - absl - INFO - Using default tokenizer.
2024-10-02 23:44:35 - absl - INFO - Using default tokenizer.
2024-10-02 23:44:35 - absl - INFO - Using default tokenizer.
2024-10-02 23:44:36 - absl - INFO - Using default tokenizer.
2024-10-02 23:44:37 - absl - INFO - Using default tokenizer.
2024-10-02 23:44:37 - absl - INFO - Using default tokenizer.
2024-10-02 23:44:38 - absl - INFO - Using default tokenizer.
2024-10-02 23:44:38 - absl - INFO - Using default tokenizer.
2024-10-02 23:44:39 - absl - INFO - Using default tokenizer.
2024-10-02 23:44:39 - absl - INFO - Using default tokenizer.
2024-10-02 23:44:40 - absl - INFO - Using default tokenizer.
2024-10-02 23:44:41 - absl - INFO - Using default tokenizer.
2024-10-02 23:44:41 - absl - INFO - Using default tokenizer.
2024-10-02 23:44:41 - absl - INFO - Using default tokenizer.
2024-10-02 23:44:42 - absl - INFO - Using default tokenizer.
2024-10-02 23:44:42 - absl - INFO - Using default tokenizer.
2024-10-02 23:44:43 - absl - INFO - Using default tokenizer.
2024-10-02 23:44:44 - absl - INFO - Using default tokenizer.
2024-10-02 23:44:44 - absl - INFO - Using default tokenizer.
2024-10-02 23:44:44 - absl - INFO - Using default tokenizer.
2024-10-02 23:44:45 - absl - INFO - Using default tokenizer.
2024-10-02 23:44:46 - absl - INFO - Using default tokenizer.
2024-10-02 23:44:47 - absl - INFO - Using default tokenizer.
2024-10-02 23:44:47 - absl - INFO - Using default tokenizer.
2024-10-02 23:44:48 - absl - INFO - Using default tokenizer.
2024-10-02 23:44:49 - absl - INFO - Using default tokenizer.
2024-10-02 23:44:50 - absl - INFO - Using default tokenizer.
2024-10-02 23:44:52 - absl - INFO - Using default tokenizer.
2024-10-02 23:44:52 - absl - INFO - Using default tokenizer.
2024-10-02 23:44:53 - absl - INFO - Using default tokenizer.
2024-10-02 23:44:55 - absl - INFO - Using default tokenizer.
2024-10-02 23:44:55 - absl - INFO - Using default tokenizer.
2024-10-02 23:44:56 - absl - INFO - Using default tokenizer.
2024-10-02 23:44:56 - absl - INFO - Using default tokenizer.
2024-10-02 23:44:57 - absl - INFO - Using default tokenizer.
2024-10-02 23:44:57 - absl - INFO - Using default tokenizer.
2024-10-02 23:44:58 - absl - INFO - Using default tokenizer.
2024-10-02 23:44:58 - absl - INFO - Using default tokenizer.
2024-10-02 23:44:59 - absl - INFO - Using default tokenizer.
2024-10-02 23:44:59 - absl - INFO - Using default tokenizer.
2024-10-02 23:45:00 - absl - INFO - Using default tokenizer.
2024-10-02 23:45:00 - absl - INFO - Using default tokenizer.
2024-10-02 23:45:01 - absl - INFO - Using default tokenizer.
2024-10-02 23:45:01 - absl - INFO - Using default tokenizer.
2024-10-02 23:45:01 - absl - INFO - Using default tokenizer.
2024-10-02 23:45:02 - absl - INFO - Using default tokenizer.
2024-10-02 23:45:03 - absl - INFO - Using default tokenizer.
2024-10-02 23:45:03 - absl - INFO - Using default tokenizer.
2024-10-02 23:45:03 - absl - INFO - Using default tokenizer.
2024-10-02 23:45:04 - absl - INFO - Using default tokenizer.
2024-10-02 23:45:04 - absl - INFO - Using default tokenizer.
2024-10-02 23:45:05 - absl - INFO - Using default tokenizer.
2024-10-02 23:45:07 - absl - INFO - Using default tokenizer.
2024-10-02 23:45:08 - absl - INFO - Using default tokenizer.
2024-10-02 23:45:08 - absl - INFO - Using default tokenizer.
2024-10-02 23:45:08 - absl - INFO - Using default tokenizer.
2024-10-02 23:45:09 - absl - INFO - Using default tokenizer.
2024-10-02 23:45:10 - absl - INFO - Using default tokenizer.
2024-10-02 23:45:10 - absl - INFO - Using default tokenizer.
2024-10-02 23:45:11 - absl - INFO - Using default tokenizer.
2024-10-02 23:45:12 - absl - INFO - Using default tokenizer.
2024-10-02 23:45:12 - absl - INFO - Using default tokenizer.
2024-10-02 23:45:13 - absl - INFO - Using default tokenizer.
2024-10-02 23:45:13 - absl - INFO - Using default tokenizer.
2024-10-02 23:45:13 - absl - INFO - Using default tokenizer.
2024-10-02 23:45:14 - absl - INFO - Using default tokenizer.
2024-10-02 23:45:14 - absl - INFO - Using default tokenizer.
2024-10-02 23:45:15 - absl - INFO - Using default tokenizer.
2024-10-02 23:45:15 - absl - INFO - Using default tokenizer.
2024-10-02 23:45:16 - absl - INFO - Using default tokenizer.
2024-10-02 23:45:16 - absl - INFO - Using default tokenizer.
2024-10-02 23:45:17 - absl - INFO - Using default tokenizer.
2024-10-02 23:45:17 - absl - INFO - Using default tokenizer.
2024-10-02 23:45:18 - absl - INFO - Using default tokenizer.
2024-10-02 23:45:19 - absl - INFO - Using default tokenizer.
2024-10-02 23:45:19 - absl - INFO - Using default tokenizer.
2024-10-02 23:45:20 - absl - INFO - Using default tokenizer.
2024-10-02 23:45:20 - absl - INFO - Using default tokenizer.
2024-10-02 23:45:21 - absl - INFO - Using default tokenizer.
2024-10-02 23:45:21 - absl - INFO - Using default tokenizer.
2024-10-02 23:45:22 - absl - INFO - Using default tokenizer.
2024-10-02 23:45:24 - absl - INFO - Using default tokenizer.
2024-10-02 23:45:24 - absl - INFO - Using default tokenizer.
2024-10-02 23:45:25 - absl - INFO - Using default tokenizer.
2024-10-02 23:45:25 - absl - INFO - Using default tokenizer.
2024-10-02 23:45:26 - absl - INFO - Using default tokenizer.
2024-10-02 23:45:28 - absl - INFO - Using default tokenizer.
2024-10-02 23:45:28 - absl - INFO - Using default tokenizer.
2024-10-02 23:45:29 - absl - INFO - Using default tokenizer.
2024-10-02 23:45:30 - absl - INFO - Using default tokenizer.
2024-10-02 23:45:30 - absl - INFO - Using default tokenizer.
2024-10-02 23:45:31 - absl - INFO - Using default tokenizer.
2024-10-02 23:45:31 - absl - INFO - Using default tokenizer.
2024-10-02 23:45:31 - absl - INFO - Using default tokenizer.
2024-10-02 23:45:32 - absl - INFO - Using default tokenizer.
2024-10-02 23:45:33 - absl - INFO - Using default tokenizer.
2024-10-02 23:45:34 - absl - INFO - Using default tokenizer.
2024-10-02 23:45:34 - absl - INFO - Using default tokenizer.
2024-10-02 23:45:35 - absl - INFO - Using default tokenizer.
2024-10-02 23:45:35 - absl - INFO - Using default tokenizer.
2024-10-02 23:45:35 - absl - INFO - Using default tokenizer.
2024-10-02 23:45:36 - absl - INFO - Using default tokenizer.
2024-10-02 23:45:38 - absl - INFO - Using default tokenizer.
2024-10-02 23:45:38 - absl - INFO - Using default tokenizer.
2024-10-02 23:45:39 - absl - INFO - Using default tokenizer.
2024-10-02 23:45:40 - absl - INFO - Using default tokenizer.
2024-10-02 23:45:40 - absl - INFO - Using default tokenizer.
2024-10-02 23:45:41 - absl - INFO - Using default tokenizer.
2024-10-02 23:45:41 - absl - INFO - Using default tokenizer.
2024-10-02 23:45:42 - absl - INFO - Using default tokenizer.
2024-10-02 23:45:42 - absl - INFO - Using default tokenizer.
2024-10-02 23:45:43 - absl - INFO - Using default tokenizer.
2024-10-02 23:45:43 - absl - INFO - Using default tokenizer.
2024-10-02 23:45:46 - absl - INFO - Using default tokenizer.
2024-10-02 23:45:46 - absl - INFO - Using default tokenizer.
2024-10-02 23:45:47 - absl - INFO - Using default tokenizer.
2024-10-02 23:45:47 - absl - INFO - Using default tokenizer.
2024-10-02 23:45:47 - absl - INFO - Using default tokenizer.
2024-10-02 23:45:48 - absl - INFO - Using default tokenizer.
2024-10-02 23:45:48 - absl - INFO - Using default tokenizer.
2024-10-02 23:45:49 - absl - INFO - Using default tokenizer.
2024-10-02 23:45:49 - absl - INFO - Using default tokenizer.
2024-10-02 23:45:50 - absl - INFO - Using default tokenizer.
2024-10-02 23:45:50 - absl - INFO - Using default tokenizer.
2024-10-02 23:45:51 - absl - INFO - Using default tokenizer.
2024-10-02 23:45:53 - absl - INFO - Using default tokenizer.
2024-10-02 23:45:55 - absl - INFO - Using default tokenizer.
2024-10-02 23:45:55 - absl - INFO - Using default tokenizer.
2024-10-02 23:45:56 - absl - INFO - Using default tokenizer.
2024-10-02 23:45:56 - absl - INFO - Using default tokenizer.
2024-10-02 23:45:57 - absl - INFO - Using default tokenizer.
2024-10-02 23:45:59 - absl - INFO - Using default tokenizer.
2024-10-02 23:45:59 - absl - INFO - Using default tokenizer.
2024-10-02 23:46:00 - absl - INFO - Using default tokenizer.
2024-10-02 23:46:00 - absl - INFO - Using default tokenizer.
2024-10-02 23:46:01 - absl - INFO - Using default tokenizer.
2024-10-02 23:46:01 - absl - INFO - Using default tokenizer.
2024-10-02 23:46:02 - absl - INFO - Using default tokenizer.
2024-10-02 23:46:02 - absl - INFO - Using default tokenizer.
2024-10-02 23:46:03 - absl - INFO - Using default tokenizer.
2024-10-02 23:46:03 - absl - INFO - Using default tokenizer.
2024-10-02 23:46:04 - absl - INFO - Using default tokenizer.
2024-10-02 23:46:04 - absl - INFO - Using default tokenizer.
2024-10-02 23:46:05 - absl - INFO - Using default tokenizer.
2024-10-02 23:46:05 - absl - INFO - Using default tokenizer.
2024-10-02 23:46:05 - absl - INFO - Using default tokenizer.
2024-10-02 23:46:06 - absl - INFO - Using default tokenizer.
2024-10-02 23:46:06 - absl - INFO - Using default tokenizer.
2024-10-02 23:46:07 - absl - INFO - Using default tokenizer.
2024-10-02 23:46:08 - absl - INFO - Using default tokenizer.
2024-10-02 23:46:08 - absl - INFO - Using default tokenizer.
2024-10-02 23:46:08 - absl - INFO - Using default tokenizer.
2024-10-02 23:46:08 - absl - INFO - Using default tokenizer.
2024-10-02 23:46:09 - absl - INFO - Using default tokenizer.
2024-10-02 23:46:09 - absl - INFO - Using default tokenizer.
2024-10-02 23:46:10 - absl - INFO - Using default tokenizer.
2024-10-02 23:46:10 - absl - INFO - Using default tokenizer.
2024-10-02 23:46:11 - absl - INFO - Using default tokenizer.
2024-10-02 23:46:11 - absl - INFO - Using default tokenizer.
2024-10-02 23:46:12 - absl - INFO - Using default tokenizer.
2024-10-02 23:46:12 - absl - INFO - Using default tokenizer.
2024-10-02 23:46:13 - absl - INFO - Using default tokenizer.
2024-10-02 23:46:15 - absl - INFO - Using default tokenizer.
2024-10-02 23:46:16 - absl - INFO - Using default tokenizer.
2024-10-02 23:46:16 - absl - INFO - Using default tokenizer.
2024-10-02 23:46:17 - absl - INFO - Using default tokenizer.
2024-10-02 23:46:17 - absl - INFO - Using default tokenizer.
2024-10-02 23:46:17 - absl - INFO - Using default tokenizer.
2024-10-02 23:46:18 - absl - INFO - Using default tokenizer.
2024-10-02 23:46:19 - absl - INFO - Using default tokenizer.
2024-10-02 23:46:20 - absl - INFO - Using default tokenizer.
2024-10-02 23:46:21 - absl - INFO - Using default tokenizer.
2024-10-02 23:46:22 - absl - INFO - Using default tokenizer.
2024-10-02 23:46:22 - absl - INFO - Using default tokenizer.
2024-10-02 23:46:23 - absl - INFO - Using default tokenizer.
2024-10-02 23:46:23 - absl - INFO - Using default tokenizer.
2024-10-02 23:46:24 - absl - INFO - Using default tokenizer.
2024-10-02 23:46:24 - absl - INFO - Using default tokenizer.
2024-10-02 23:46:25 - absl - INFO - Using default tokenizer.
2024-10-02 23:46:25 - absl - INFO - Using default tokenizer.
2024-10-02 23:46:25 - absl - INFO - Using default tokenizer.
2024-10-02 23:46:26 - absl - INFO - Using default tokenizer.
2024-10-02 23:46:27 - absl - INFO - Using default tokenizer.
2024-10-02 23:46:27 - absl - INFO - Using default tokenizer.
2024-10-02 23:46:28 - absl - INFO - Using default tokenizer.
2024-10-02 23:46:29 - absl - INFO - Using default tokenizer.
2024-10-02 23:46:29 - absl - INFO - Using default tokenizer.
2024-10-02 23:46:30 - absl - INFO - Using default tokenizer.
2024-10-02 23:46:31 - absl - INFO - Using default tokenizer.
2024-10-02 23:46:31 - absl - INFO - Using default tokenizer.
2024-10-02 23:46:32 - absl - INFO - Using default tokenizer.
2024-10-02 23:46:32 - absl - INFO - Using default tokenizer.
2024-10-02 23:46:34 - absl - INFO - Using default tokenizer.
2024-10-02 23:46:34 - absl - INFO - Using default tokenizer.
2024-10-02 23:46:35 - absl - INFO - Using default tokenizer.
2024-10-02 23:46:35 - absl - INFO - Using default tokenizer.
2024-10-02 23:46:36 - absl - INFO - Using default tokenizer.
2024-10-02 23:46:36 - absl - INFO - Using default tokenizer.
2024-10-02 23:46:37 - absl - INFO - Using default tokenizer.
2024-10-02 23:46:37 - absl - INFO - Using default tokenizer.
2024-10-02 23:46:37 - absl - INFO - Using default tokenizer.
2024-10-02 23:46:38 - absl - INFO - Using default tokenizer.
2024-10-02 23:46:38 - absl - INFO - Using default tokenizer.
2024-10-02 23:46:39 - absl - INFO - Using default tokenizer.
2024-10-02 23:46:41 - absl - INFO - Using default tokenizer.
2024-10-02 23:46:41 - absl - INFO - Using default tokenizer.
2024-10-02 23:46:42 - absl - INFO - Using default tokenizer.
2024-10-02 23:46:42 - absl - INFO - Using default tokenizer.
2024-10-02 23:46:42 - absl - INFO - Using default tokenizer.
2024-10-02 23:46:43 - absl - INFO - Using default tokenizer.
2024-10-02 23:46:43 - absl - INFO - Using default tokenizer.
2024-10-02 23:46:44 - absl - INFO - Using default tokenizer.
2024-10-02 23:46:44 - absl - INFO - Using default tokenizer.
2024-10-02 23:46:45 - absl - INFO - Using default tokenizer.
2024-10-02 23:46:45 - absl - INFO - Using default tokenizer.
2024-10-02 23:46:46 - absl - INFO - Using default tokenizer.
2024-10-02 23:46:48 - absl - INFO - Using default tokenizer.
2024-10-02 23:46:48 - absl - INFO - Using default tokenizer.
2024-10-02 23:46:49 - absl - INFO - Using default tokenizer.
2024-10-02 23:46:49 - absl - INFO - Using default tokenizer.
2024-10-02 23:46:49 - absl - INFO - Using default tokenizer.
2024-10-02 23:46:50 - absl - INFO - Using default tokenizer.
2024-10-02 23:46:50 - absl - INFO - Using default tokenizer.
2024-10-02 23:46:51 - absl - INFO - Using default tokenizer.
2024-10-02 23:46:51 - absl - INFO - Using default tokenizer.
2024-10-02 23:46:51 - absl - INFO - Using default tokenizer.
2024-10-02 23:46:52 - absl - INFO - Using default tokenizer.
2024-10-02 23:46:52 - absl - INFO - Using default tokenizer.
2024-10-02 23:46:53 - absl - INFO - Using default tokenizer.
2024-10-02 23:46:53 - absl - INFO - Using default tokenizer.
2024-10-02 23:46:54 - absl - INFO - Using default tokenizer.
2024-10-02 23:46:54 - absl - INFO - Using default tokenizer.
2024-10-02 23:46:55 - absl - INFO - Using default tokenizer.
2024-10-02 23:46:55 - absl - INFO - Using default tokenizer.
2024-10-02 23:46:55 - absl - INFO - Using default tokenizer.
2024-10-02 23:46:56 - absl - INFO - Using default tokenizer.
2024-10-02 23:46:56 - absl - INFO - Using default tokenizer.
2024-10-02 23:46:58 - absl - INFO - Using default tokenizer.
2024-10-02 23:46:59 - absl - INFO - Using default tokenizer.
2024-10-02 23:47:01 - absl - INFO - Using default tokenizer.
2024-10-02 23:47:02 - absl - INFO - Using default tokenizer.
2024-10-02 23:47:03 - absl - INFO - Using default tokenizer.
2024-10-02 23:47:03 - absl - INFO - Using default tokenizer.
2024-10-02 23:47:05 - absl - INFO - Using default tokenizer.
2024-10-02 23:47:06 - absl - INFO - Using default tokenizer.
2024-10-02 23:47:06 - absl - INFO - Using default tokenizer.
2024-10-02 23:47:06 - absl - INFO - Using default tokenizer.
2024-10-02 23:47:07 - absl - INFO - Using default tokenizer.
2024-10-02 23:47:07 - absl - INFO - Using default tokenizer.
2024-10-02 23:47:08 - absl - INFO - Using default tokenizer.
2024-10-02 23:47:08 - absl - INFO - Using default tokenizer.
2024-10-02 23:47:09 - absl - INFO - Using default tokenizer.
2024-10-02 23:47:09 - absl - INFO - Using default tokenizer.
2024-10-02 23:47:09 - absl - INFO - Using default tokenizer.
2024-10-02 23:47:10 - absl - INFO - Using default tokenizer.
2024-10-02 23:47:10 - absl - INFO - Using default tokenizer.
2024-10-02 23:47:10 - absl - INFO - Using default tokenizer.
2024-10-02 23:47:11 - absl - INFO - Using default tokenizer.
2024-10-02 23:47:11 - absl - INFO - Using default tokenizer.
2024-10-02 23:47:12 - absl - INFO - Using default tokenizer.
2024-10-02 23:47:12 - absl - INFO - Using default tokenizer.
2024-10-02 23:47:14 - absl - INFO - Using default tokenizer.
2024-10-02 23:47:15 - absl - INFO - Using default tokenizer.
2024-10-02 23:47:15 - absl - INFO - Using default tokenizer.
2024-10-02 23:47:16 - absl - INFO - Using default tokenizer.
2024-10-02 23:47:16 - absl - INFO - Using default tokenizer.
2024-10-02 23:47:17 - absl - INFO - Using default tokenizer.
2024-10-02 23:47:17 - absl - INFO - Using default tokenizer.
2024-10-02 23:47:17 - absl - INFO - Using default tokenizer.
2024-10-02 23:47:18 - absl - INFO - Using default tokenizer.
2024-10-02 23:47:18 - absl - INFO - Using default tokenizer.
2024-10-02 23:47:20 - absl - INFO - Using default tokenizer.
2024-10-02 23:47:20 - absl - INFO - Using default tokenizer.
2024-10-02 23:47:21 - absl - INFO - Using default tokenizer.
2024-10-02 23:47:21 - absl - INFO - Using default tokenizer.
2024-10-02 23:47:22 - absl - INFO - Using default tokenizer.
2024-10-02 23:47:22 - absl - INFO - Using default tokenizer.
2024-10-02 23:47:23 - absl - INFO - Using default tokenizer.
2024-10-02 23:47:23 - absl - INFO - Using default tokenizer.
2024-10-02 23:47:24 - absl - INFO - Using default tokenizer.
2024-10-02 23:47:24 - absl - INFO - Using default tokenizer.
2024-10-02 23:47:25 - absl - INFO - Using default tokenizer.
2024-10-02 23:47:25 - absl - INFO - Using default tokenizer.
2024-10-02 23:47:26 - absl - INFO - Using default tokenizer.
2024-10-02 23:47:26 - absl - INFO - Using default tokenizer.
2024-10-02 23:47:26 - absl - INFO - Using default tokenizer.
2024-10-02 23:47:27 - absl - INFO - Using default tokenizer.
2024-10-02 23:47:28 - absl - INFO - Using default tokenizer.
2024-10-02 23:47:28 - absl - INFO - Using default tokenizer.
2024-10-02 23:47:28 - absl - INFO - Using default tokenizer.
2024-10-02 23:47:29 - absl - INFO - Using default tokenizer.
2024-10-02 23:47:29 - absl - INFO - Using default tokenizer.
2024-10-02 23:47:29 - absl - INFO - Using default tokenizer.
2024-10-02 23:47:30 - absl - INFO - Using default tokenizer.
2024-10-02 23:47:30 - absl - INFO - Using default tokenizer.
2024-10-02 23:47:31 - absl - INFO - Using default tokenizer.
2024-10-02 23:47:31 - absl - INFO - Using default tokenizer.
2024-10-02 23:47:32 - absl - INFO - Using default tokenizer.
2024-10-02 23:47:32 - absl - INFO - Using default tokenizer.
2024-10-02 23:47:33 - absl - INFO - Using default tokenizer.
2024-10-02 23:47:33 - absl - INFO - Using default tokenizer.
2024-10-02 23:47:35 - absl - INFO - Using default tokenizer.
2024-10-02 23:47:36 - absl - INFO - Using default tokenizer.
2024-10-02 23:47:36 - absl - INFO - Using default tokenizer.
2024-10-02 23:47:37 - absl - INFO - Using default tokenizer.
2024-10-02 23:47:37 - absl - INFO - Using default tokenizer.
2024-10-02 23:47:38 - absl - INFO - Using default tokenizer.
2024-10-02 23:47:39 - absl - INFO - Using default tokenizer.
2024-10-02 23:47:39 - absl - INFO - Using default tokenizer.
2024-10-02 23:47:40 - absl - INFO - Using default tokenizer.
2024-10-02 23:47:40 - absl - INFO - Using default tokenizer.
2024-10-02 23:47:40 - absl - INFO - Using default tokenizer.
2024-10-02 23:47:41 - absl - INFO - Using default tokenizer.
2024-10-02 23:47:43 - absl - INFO - Using default tokenizer.
2024-10-02 23:47:43 - absl - INFO - Using default tokenizer.
2024-10-02 23:47:44 - absl - INFO - Using default tokenizer.
2024-10-02 23:47:44 - absl - INFO - Using default tokenizer.
2024-10-02 23:47:44 - absl - INFO - Using default tokenizer.
2024-10-02 23:47:45 - absl - INFO - Using default tokenizer.
2024-10-02 23:47:46 - absl - INFO - Using default tokenizer.
2024-10-02 23:47:46 - absl - INFO - Using default tokenizer.
2024-10-02 23:47:46 - absl - INFO - Using default tokenizer.
2024-10-02 23:47:47 - absl - INFO - Using default tokenizer.
2024-10-02 23:47:47 - absl - INFO - Using default tokenizer.
2024-10-02 23:47:48 - absl - INFO - Using default tokenizer.
2024-10-02 23:47:49 - absl - INFO - Using default tokenizer.
2024-10-02 23:47:51 - absl - INFO - Using default tokenizer.
2024-10-02 23:47:51 - absl - INFO - Using default tokenizer.
2024-10-02 23:47:51 - absl - INFO - Using default tokenizer.
2024-10-02 23:47:52 - absl - INFO - Using default tokenizer.
2024-10-02 23:47:52 - absl - INFO - Using default tokenizer.
2024-10-02 23:47:52 - absl - INFO - Using default tokenizer.
2024-10-02 23:47:53 - absl - INFO - Using default tokenizer.
2024-10-02 23:47:53 - absl - INFO - Using default tokenizer.
2024-10-02 23:47:53 - absl - INFO - Using default tokenizer.
2024-10-02 23:47:54 - absl - INFO - Using default tokenizer.
2024-10-02 23:47:54 - absl - INFO - Using default tokenizer.
2024-10-02 23:47:55 - absl - INFO - Using default tokenizer.
2024-10-02 23:47:57 - absl - INFO - Using default tokenizer.
2024-10-02 23:47:57 - absl - INFO - Using default tokenizer.
2024-10-02 23:47:58 - absl - INFO - Using default tokenizer.
2024-10-02 23:47:58 - absl - INFO - Using default tokenizer.
2024-10-02 23:47:58 - absl - INFO - Using default tokenizer.
2024-10-02 23:47:59 - absl - INFO - Using default tokenizer.
2024-10-02 23:47:59 - absl - INFO - Using default tokenizer.
2024-10-02 23:48:00 - absl - INFO - Using default tokenizer.
2024-10-02 23:48:00 - absl - INFO - Using default tokenizer.
2024-10-02 23:48:00 - absl - INFO - Using default tokenizer.
2024-10-02 23:48:01 - absl - INFO - Using default tokenizer.
2024-10-02 23:48:01 - absl - INFO - Using default tokenizer.
2024-10-02 23:48:01 - absl - INFO - Using default tokenizer.
2024-10-02 23:48:02 - absl - INFO - Using default tokenizer.
2024-10-02 23:48:02 - absl - INFO - Using default tokenizer.
2024-10-02 23:48:03 - absl - INFO - Using default tokenizer.
2024-10-02 23:48:05 - absl - INFO - Using default tokenizer.
2024-10-02 23:48:06 - absl - INFO - Using default tokenizer.
2024-10-02 23:48:07 - absl - INFO - Using default tokenizer.
2024-10-02 23:48:07 - absl - INFO - Using default tokenizer.
2024-10-02 23:48:09 - absl - INFO - Using default tokenizer.
2024-10-02 23:48:10 - absl - INFO - Using default tokenizer.
2024-10-02 23:48:10 - absl - INFO - Using default tokenizer.
2024-10-02 23:48:11 - absl - INFO - Using default tokenizer.
2024-10-02 23:48:11 - absl - INFO - Using default tokenizer.
2024-10-02 23:48:12 - absl - INFO - Using default tokenizer.
2024-10-02 23:48:12 - absl - INFO - Using default tokenizer.
2024-10-02 23:48:13 - absl - INFO - Using default tokenizer.
2024-10-02 23:48:15 - absl - INFO - Using default tokenizer.
2024-10-02 23:48:15 - absl - INFO - Using default tokenizer.
2024-10-02 23:48:16 - absl - INFO - Using default tokenizer.
2024-10-02 23:48:17 - absl - INFO - Using default tokenizer.
2024-10-02 23:48:17 - absl - INFO - Using default tokenizer.
2024-10-02 23:48:18 - absl - INFO - Using default tokenizer.
2024-10-02 23:48:18 - absl - INFO - Using default tokenizer.
2024-10-02 23:48:19 - absl - INFO - Using default tokenizer.
2024-10-02 23:48:19 - absl - INFO - Using default tokenizer.
2024-10-02 23:48:19 - absl - INFO - Using default tokenizer.
2024-10-02 23:48:20 - absl - INFO - Using default tokenizer.
2024-10-02 23:48:20 - absl - INFO - Using default tokenizer.
2024-10-02 23:48:21 - absl - INFO - Using default tokenizer.
2024-10-02 23:48:21 - absl - INFO - Using default tokenizer.
2024-10-02 23:48:22 - absl - INFO - Using default tokenizer.
2024-10-02 23:48:24 - absl - INFO - Using default tokenizer.
2024-10-02 23:48:24 - absl - INFO - Using default tokenizer.
2024-10-02 23:48:25 - absl - INFO - Using default tokenizer.
2024-10-02 23:48:25 - absl - INFO - Using default tokenizer.
2024-10-02 23:48:26 - absl - INFO - Using default tokenizer.
2024-10-02 23:48:26 - absl - INFO - Using default tokenizer.
2024-10-02 23:48:27 - absl - INFO - Using default tokenizer.
2024-10-02 23:48:27 - absl - INFO - Using default tokenizer.
2024-10-02 23:48:28 - absl - INFO - Using default tokenizer.
2024-10-02 23:48:28 - absl - INFO - Using default tokenizer.
2024-10-02 23:48:29 - absl - INFO - Using default tokenizer.
2024-10-02 23:48:29 - absl - INFO - Using default tokenizer.
2024-10-02 23:48:30 - absl - INFO - Using default tokenizer.
2024-10-02 23:48:30 - absl - INFO - Using default tokenizer.
2024-10-02 23:48:31 - absl - INFO - Using default tokenizer.
2024-10-02 23:48:31 - absl - INFO - Using default tokenizer.
2024-10-02 23:48:32 - absl - INFO - Using default tokenizer.
2024-10-02 23:48:32 - absl - INFO - Using default tokenizer.
2024-10-02 23:48:33 - absl - INFO - Using default tokenizer.
2024-10-02 23:48:33 - absl - INFO - Using default tokenizer.
2024-10-02 23:48:34 - absl - INFO - Using default tokenizer.
2024-10-02 23:48:34 - absl - INFO - Using default tokenizer.
2024-10-02 23:48:35 - absl - INFO - Using default tokenizer.
2024-10-02 23:48:35 - absl - INFO - Using default tokenizer.
2024-10-02 23:48:36 - absl - INFO - Using default tokenizer.
2024-10-02 23:48:36 - absl - INFO - Using default tokenizer.
2024-10-02 23:48:36 - absl - INFO - Using default tokenizer.
2024-10-02 23:48:37 - absl - INFO - Using default tokenizer.
2024-10-02 23:48:37 - absl - INFO - Using default tokenizer.
2024-10-02 23:48:38 - absl - INFO - Using default tokenizer.
2024-10-02 23:48:38 - absl - INFO - Using default tokenizer.
2024-10-02 23:48:38 - absl - INFO - Using default tokenizer.
2024-10-02 23:48:39 - absl - INFO - Using default tokenizer.
2024-10-02 23:48:39 - absl - INFO - Using default tokenizer.
2024-10-02 23:48:39 - absl - INFO - Using default tokenizer.
2024-10-02 23:48:40 - absl - INFO - Using default tokenizer.
2024-10-02 23:48:41 - absl - INFO - Using default tokenizer.
2024-10-02 23:48:41 - absl - INFO - Using default tokenizer.
2024-10-02 23:48:42 - absl - INFO - Using default tokenizer.
2024-10-02 23:48:42 - absl - INFO - Using default tokenizer.
2024-10-02 23:48:42 - absl - INFO - Using default tokenizer.
2024-10-02 23:48:43 - absl - INFO - Using default tokenizer.
2024-10-02 23:48:43 - absl - INFO - Using default tokenizer.
2024-10-02 23:48:44 - absl - INFO - Using default tokenizer.
2024-10-02 23:48:44 - absl - INFO - Using default tokenizer.
2024-10-02 23:48:45 - absl - INFO - Using default tokenizer.
2024-10-02 23:48:46 - absl - INFO - Using default tokenizer.
2024-10-02 23:48:46 - absl - INFO - Using default tokenizer.
2024-10-02 23:48:47 - absl - INFO - Using default tokenizer.
2024-10-02 23:48:47 - absl - INFO - Using default tokenizer.
2024-10-02 23:48:48 - absl - INFO - Using default tokenizer.
2024-10-02 23:48:48 - absl - INFO - Using default tokenizer.
2024-10-02 23:48:49 - absl - INFO - Using default tokenizer.
2024-10-02 23:48:49 - absl - INFO - Using default tokenizer.
2024-10-02 23:48:50 - absl - INFO - Using default tokenizer.
2024-10-02 23:48:50 - absl - INFO - Using default tokenizer.
2024-10-02 23:48:52 - absl - INFO - Using default tokenizer.
2024-10-02 23:48:53 - absl - INFO - Using default tokenizer.
2024-10-02 23:48:53 - absl - INFO - Using default tokenizer.
2024-10-02 23:48:54 - absl - INFO - Using default tokenizer.
2024-10-02 23:48:54 - absl - INFO - Using default tokenizer.
2024-10-02 23:48:54 - absl - INFO - Using default tokenizer.
2024-10-02 23:48:56 - absl - INFO - Using default tokenizer.
2024-10-02 23:48:57 - absl - INFO - Using default tokenizer.
2024-10-02 23:48:57 - absl - INFO - Using default tokenizer.
2024-10-02 23:48:58 - absl - INFO - Using default tokenizer.
2024-10-02 23:48:59 - absl - INFO - Using default tokenizer.
2024-10-02 23:49:00 - absl - INFO - Using default tokenizer.
2024-10-02 23:49:00 - absl - INFO - Using default tokenizer.
2024-10-02 23:49:01 - absl - INFO - Using default tokenizer.
2024-10-02 23:49:01 - absl - INFO - Using default tokenizer.
2024-10-02 23:49:01 - absl - INFO - Using default tokenizer.
2024-10-02 23:49:02 - absl - INFO - Using default tokenizer.
2024-10-02 23:49:03 - absl - INFO - Using default tokenizer.
2024-10-02 23:49:05 - absl - INFO - Using default tokenizer.
2024-10-02 23:49:05 - absl - INFO - Using default tokenizer.
2024-10-02 23:49:06 - absl - INFO - Using default tokenizer.
2024-10-02 23:49:06 - absl - INFO - Using default tokenizer.
2024-10-02 23:49:06 - absl - INFO - Using default tokenizer.
2024-10-02 23:49:08 - absl - INFO - Using default tokenizer.
2024-10-02 23:49:10 - absl - INFO - Using default tokenizer.
2024-10-02 23:49:10 - absl - INFO - Using default tokenizer.
2024-10-02 23:49:10 - absl - INFO - Using default tokenizer.
2024-10-02 23:49:11 - absl - INFO - Using default tokenizer.
2024-10-02 23:49:11 - absl - INFO - Using default tokenizer.
2024-10-02 23:49:12 - absl - INFO - Using default tokenizer.
2024-10-02 23:49:14 - absl - INFO - Using default tokenizer.
2024-10-02 23:49:15 - absl - INFO - Using default tokenizer.
2024-10-02 23:49:15 - absl - INFO - Using default tokenizer.
2024-10-02 23:49:15 - absl - INFO - Using default tokenizer.
2024-10-02 23:49:16 - absl - INFO - Using default tokenizer.
2024-10-02 23:49:16 - absl - INFO - Using default tokenizer.
2024-10-02 23:49:19 - absl - INFO - Using default tokenizer.
2024-10-02 23:49:19 - absl - INFO - Using default tokenizer.
2024-10-02 23:49:20 - absl - INFO - Using default tokenizer.
2024-10-02 23:49:20 - absl - INFO - Using default tokenizer.
2024-10-02 23:49:21 - absl - INFO - Using default tokenizer.
2024-10-02 23:49:21 - absl - INFO - Using default tokenizer.
2024-10-02 23:49:22 - absl - INFO - Using default tokenizer.
2024-10-02 23:49:22 - absl - INFO - Using default tokenizer.
2024-10-02 23:49:23 - absl - INFO - Using default tokenizer.
2024-10-02 23:49:23 - absl - INFO - Using default tokenizer.
2024-10-02 23:49:23 - absl - INFO - Using default tokenizer.
2024-10-02 23:49:24 - absl - INFO - Using default tokenizer.
2024-10-02 23:49:24 - absl - INFO - Using default tokenizer.
2024-10-02 23:49:25 - absl - INFO - Using default tokenizer.
2024-10-02 23:49:25 - absl - INFO - Using default tokenizer.
2024-10-02 23:49:26 - absl - INFO - Using default tokenizer.
2024-10-02 23:49:26 - absl - INFO - Using default tokenizer.
2024-10-02 23:49:27 - absl - INFO - Using default tokenizer.
2024-10-02 23:49:27 - absl - INFO - Using default tokenizer.
2024-10-02 23:49:28 - absl - INFO - Using default tokenizer.
2024-10-02 23:49:30 - absl - INFO - Using default tokenizer.
2024-10-02 23:49:30 - absl - INFO - Using default tokenizer.
2024-10-02 23:49:31 - absl - INFO - Using default tokenizer.
2024-10-02 23:49:31 - absl - INFO - Using default tokenizer.
2024-10-02 23:49:31 - absl - INFO - Using default tokenizer.
2024-10-02 23:49:31 - absl - INFO - Using default tokenizer.
2024-10-02 23:49:32 - absl - INFO - Using default tokenizer.
2024-10-02 23:49:33 - absl - INFO - Using default tokenizer.
2024-10-02 23:49:33 - absl - INFO - Using default tokenizer.
2024-10-02 23:49:33 - absl - INFO - Using default tokenizer.
2024-10-02 23:49:33 - absl - INFO - Using default tokenizer.
2024-10-02 23:49:34 - absl - INFO - Using default tokenizer.
2024-10-02 23:49:34 - absl - INFO - Using default tokenizer.
2024-10-02 23:49:34 - absl - INFO - Using default tokenizer.
2024-10-02 23:49:35 - absl - INFO - Using default tokenizer.
2024-10-02 23:49:36 - absl - INFO - Using default tokenizer.
2024-10-02 23:49:36 - absl - INFO - Using default tokenizer.
2024-10-02 23:49:37 - absl - INFO - Using default tokenizer.
2024-10-02 23:49:38 - absl - INFO - Using default tokenizer.
2024-10-02 23:49:38 - absl - INFO - Using default tokenizer.
2024-10-02 23:49:38 - absl - INFO - Using default tokenizer.
2024-10-02 23:49:39 - absl - INFO - Using default tokenizer.
2024-10-02 23:49:40 - absl - INFO - Using default tokenizer.
2024-10-02 23:49:40 - absl - INFO - Using default tokenizer.
2024-10-02 23:49:40 - absl - INFO - Using default tokenizer.
2024-10-02 23:49:41 - absl - INFO - Using default tokenizer.
2024-10-02 23:49:42 - absl - INFO - Using default tokenizer.
2024-10-02 23:49:42 - absl - INFO - Using default tokenizer.
2024-10-02 23:49:43 - absl - INFO - Using default tokenizer.
2024-10-02 23:49:44 - absl - INFO - Using default tokenizer.
2024-10-02 23:49:44 - absl - INFO - Using default tokenizer.
2024-10-02 23:49:45 - absl - INFO - Using default tokenizer.
2024-10-02 23:49:45 - absl - INFO - Using default tokenizer.
2024-10-02 23:49:46 - absl - INFO - Using default tokenizer.
2024-10-02 23:49:46 - absl - INFO - Using default tokenizer.
2024-10-02 23:49:46 - absl - INFO - Using default tokenizer.
2024-10-02 23:49:47 - absl - INFO - Using default tokenizer.
2024-10-02 23:49:47 - absl - INFO - Using default tokenizer.
2024-10-02 23:49:48 - absl - INFO - Using default tokenizer.
2024-10-02 23:49:48 - absl - INFO - Using default tokenizer.
2024-10-02 23:49:48 - absl - INFO - Using default tokenizer.
2024-10-02 23:49:49 - absl - INFO - Using default tokenizer.
2024-10-02 23:49:49 - absl - INFO - Using default tokenizer.
2024-10-02 23:49:49 - absl - INFO - Using default tokenizer.
2024-10-02 23:49:50 - absl - INFO - Using default tokenizer.
2024-10-02 23:49:52 - absl - INFO - Using default tokenizer.
2024-10-02 23:49:53 - absl - INFO - Using default tokenizer.
2024-10-02 23:49:53 - absl - INFO - Using default tokenizer.
2024-10-02 23:49:54 - absl - INFO - Using default tokenizer.
2024-10-02 23:49:54 - absl - INFO - Using default tokenizer.
2024-10-02 23:49:54 - absl - INFO - Using default tokenizer.
2024-10-02 23:49:55 - absl - INFO - Using default tokenizer.
2024-10-02 23:49:55 - absl - INFO - Using default tokenizer.
2024-10-02 23:49:55 - absl - INFO - Using default tokenizer.
2024-10-02 23:49:57 - absl - INFO - Using default tokenizer.
2024-10-02 23:49:59 - absl - INFO - Using default tokenizer.
2024-10-02 23:50:00 - absl - INFO - Using default tokenizer.
2024-10-02 23:50:00 - absl - INFO - Using default tokenizer.
2024-10-02 23:50:00 - absl - INFO - Using default tokenizer.
2024-10-02 23:50:02 - absl - INFO - Using default tokenizer.
2024-10-02 23:50:03 - absl - INFO - Using default tokenizer.
2024-10-02 23:50:04 - absl - INFO - Using default tokenizer.
2024-10-02 23:50:04 - absl - INFO - Using default tokenizer.
2024-10-02 23:50:05 - absl - INFO - Using default tokenizer.
2024-10-02 23:50:05 - absl - INFO - Using default tokenizer.
2024-10-02 23:50:05 - absl - INFO - Using default tokenizer.
2024-10-02 23:50:06 - absl - INFO - Using default tokenizer.
2024-10-02 23:50:06 - absl - INFO - Using default tokenizer.
2024-10-02 23:50:07 - absl - INFO - Using default tokenizer.
2024-10-02 23:50:07 - absl - INFO - Using default tokenizer.
2024-10-02 23:50:08 - absl - INFO - Using default tokenizer.
2024-10-02 23:50:08 - absl - INFO - Using default tokenizer.
2024-10-02 23:50:09 - absl - INFO - Using default tokenizer.
2024-10-02 23:50:11 - absl - INFO - Using default tokenizer.
2024-10-02 23:50:11 - absl - INFO - Using default tokenizer.
2024-10-02 23:50:12 - absl - INFO - Using default tokenizer.
2024-10-02 23:50:13 - absl - INFO - Using default tokenizer.
2024-10-02 23:50:14 - absl - INFO - Using default tokenizer.
2024-10-02 23:50:16 - absl - INFO - Using default tokenizer.
2024-10-02 23:50:18 - absl - INFO - Using default tokenizer.
2024-10-02 23:50:19 - absl - INFO - Using default tokenizer.
2024-10-02 23:50:19 - absl - INFO - Using default tokenizer.
2024-10-02 23:50:19 - absl - INFO - Using default tokenizer.
2024-10-02 23:50:21 - absl - INFO - Using default tokenizer.
2024-10-02 23:50:21 - absl - INFO - Using default tokenizer.
2024-10-02 23:50:21 - absl - INFO - Using default tokenizer.
2024-10-02 23:50:22 - absl - INFO - Using default tokenizer.
2024-10-02 23:50:23 - absl - INFO - Using default tokenizer.
2024-10-02 23:50:25 - absl - INFO - Using default tokenizer.
2024-10-02 23:50:25 - absl - INFO - Using default tokenizer.
2024-10-02 23:50:28 - absl - INFO - Using default tokenizer.
2024-10-02 23:50:28 - absl - INFO - Using default tokenizer.
2024-10-02 23:50:29 - absl - INFO - Using default tokenizer.
2024-10-02 23:50:29 - absl - INFO - Using default tokenizer.
2024-10-02 23:50:31 - absl - INFO - Using default tokenizer.
2024-10-02 23:50:31 - absl - INFO - Using default tokenizer.
2024-10-02 23:50:32 - absl - INFO - Using default tokenizer.
2024-10-02 23:50:34 - absl - INFO - Using default tokenizer.
2024-10-02 23:50:34 - absl - INFO - Using default tokenizer.
2024-10-02 23:50:34 - absl - INFO - Using default tokenizer.
2024-10-02 23:50:35 - absl - INFO - Using default tokenizer.
2024-10-02 23:50:36 - absl - INFO - Using default tokenizer.
2024-10-02 23:50:36 - absl - INFO - Using default tokenizer.
2024-10-02 23:50:37 - absl - INFO - Using default tokenizer.
2024-10-02 23:50:37 - absl - INFO - Using default tokenizer.
2024-10-02 23:50:39 - absl - INFO - Using default tokenizer.
2024-10-02 23:50:40 - absl - INFO - Using default tokenizer.
2024-10-02 23:50:40 - absl - INFO - Using default tokenizer.
2024-10-02 23:50:41 - absl - INFO - Using default tokenizer.
2024-10-02 23:50:42 - absl - INFO - Using default tokenizer.
2024-10-02 23:50:43 - absl - INFO - Using default tokenizer.
2024-10-02 23:50:43 - absl - INFO - Using default tokenizer.
2024-10-02 23:50:43 - absl - INFO - Using default tokenizer.
2024-10-02 23:50:44 - absl - INFO - Using default tokenizer.
2024-10-02 23:50:44 - absl - INFO - Using default tokenizer.
2024-10-02 23:50:44 - absl - INFO - Using default tokenizer.
2024-10-02 23:50:45 - absl - INFO - Using default tokenizer.
2024-10-02 23:50:45 - absl - INFO - Using default tokenizer.
2024-10-02 23:50:46 - absl - INFO - Using default tokenizer.
2024-10-02 23:50:46 - absl - INFO - Using default tokenizer.
2024-10-02 23:50:47 - absl - INFO - Using default tokenizer.
2024-10-02 23:50:48 - absl - INFO - Using default tokenizer.
2024-10-02 23:50:48 - absl - INFO - Using default tokenizer.
2024-10-02 23:50:48 - absl - INFO - Using default tokenizer.
2024-10-02 23:50:49 - absl - INFO - Using default tokenizer.
2024-10-02 23:50:49 - absl - INFO - Using default tokenizer.
2024-10-02 23:50:49 - absl - INFO - Using default tokenizer.
2024-10-02 23:50:50 - absl - INFO - Using default tokenizer.
2024-10-02 23:50:50 - absl - INFO - Using default tokenizer.
2024-10-02 23:50:50 - absl - INFO - Using default tokenizer.
2024-10-02 23:50:51 - absl - INFO - Using default tokenizer.
2024-10-02 23:50:51 - absl - INFO - Using default tokenizer.
2024-10-02 23:50:52 - absl - INFO - Using default tokenizer.
2024-10-02 23:50:53 - absl - INFO - Using default tokenizer.
2024-10-02 23:50:53 - absl - INFO - Using default tokenizer.
2024-10-02 23:50:53 - absl - INFO - Using default tokenizer.
2024-10-02 23:50:54 - absl - INFO - Using default tokenizer.
2024-10-02 23:50:55 - absl - INFO - Using default tokenizer.
2024-10-02 23:50:55 - absl - INFO - Using default tokenizer.
2024-10-02 23:50:56 - absl - INFO - Using default tokenizer.
2024-10-02 23:50:56 - absl - INFO - Using default tokenizer.
2024-10-02 23:50:57 - absl - INFO - Using default tokenizer.
2024-10-02 23:50:59 - absl - INFO - Using default tokenizer.
2024-10-02 23:50:59 - absl - INFO - Using default tokenizer.
2024-10-02 23:51:01 - absl - INFO - Using default tokenizer.
2024-10-02 23:51:02 - absl - INFO - Using default tokenizer.
2024-10-02 23:51:02 - absl - INFO - Using default tokenizer.
2024-10-02 23:51:02 - absl - INFO - Using default tokenizer.
2024-10-02 23:51:03 - absl - INFO - Using default tokenizer.
2024-10-02 23:51:04 - absl - INFO - Using default tokenizer.
2024-10-02 23:51:04 - absl - INFO - Using default tokenizer.
2024-10-02 23:51:05 - absl - INFO - Using default tokenizer.
2024-10-02 23:51:05 - absl - INFO - Using default tokenizer.
2024-10-02 23:51:05 - absl - INFO - Using default tokenizer.
2024-10-02 23:51:06 - absl - INFO - Using default tokenizer.
2024-10-02 23:51:06 - absl - INFO - Using default tokenizer.
2024-10-02 23:51:07 - absl - INFO - Using default tokenizer.
2024-10-02 23:51:07 - absl - INFO - Using default tokenizer.
2024-10-02 23:51:08 - absl - INFO - Using default tokenizer.
2024-10-02 23:51:08 - absl - INFO - Using default tokenizer.
2024-10-02 23:51:09 - absl - INFO - Using default tokenizer.
2024-10-02 23:51:09 - absl - INFO - Using default tokenizer.
2024-10-02 23:51:10 - absl - INFO - Using default tokenizer.
2024-10-02 23:51:11 - absl - INFO - Using default tokenizer.
2024-10-02 23:51:11 - absl - INFO - Using default tokenizer.
2024-10-02 23:51:11 - absl - INFO - Using default tokenizer.
2024-10-02 23:51:12 - absl - INFO - Using default tokenizer.
2024-10-02 23:51:12 - absl - INFO - Using default tokenizer.
2024-10-02 23:51:13 - absl - INFO - Using default tokenizer.
2024-10-02 23:51:13 - absl - INFO - Using default tokenizer.
2024-10-02 23:51:14 - absl - INFO - Using default tokenizer.
2024-10-02 23:51:14 - absl - INFO - Using default tokenizer.
2024-10-02 23:51:14 - absl - INFO - Using default tokenizer.
2024-10-02 23:51:15 - absl - INFO - Using default tokenizer.
2024-10-02 23:51:15 - absl - INFO - Using default tokenizer.
2024-10-02 23:51:16 - absl - INFO - Using default tokenizer.
2024-10-02 23:51:16 - absl - INFO - Using default tokenizer.
2024-10-02 23:51:18 - absl - INFO - Using default tokenizer.
2024-10-02 23:51:18 - absl - INFO - Using default tokenizer.
2024-10-02 23:51:18 - absl - INFO - Using default tokenizer.
2024-10-02 23:51:19 - absl - INFO - Using default tokenizer.
2024-10-02 23:51:19 - absl - INFO - Using default tokenizer.
2024-10-02 23:51:20 - absl - INFO - Using default tokenizer.
2024-10-02 23:51:20 - absl - INFO - Using default tokenizer.
2024-10-02 23:51:20 - absl - INFO - Using default tokenizer.
2024-10-02 23:51:21 - absl - INFO - Using default tokenizer.
2024-10-02 23:51:21 - absl - INFO - Using default tokenizer.
2024-10-02 23:51:22 - absl - INFO - Using default tokenizer.
2024-10-02 23:51:22 - absl - INFO - Using default tokenizer.
2024-10-02 23:51:23 - absl - INFO - Using default tokenizer.
2024-10-02 23:51:23 - absl - INFO - Using default tokenizer.
2024-10-02 23:51:24 - absl - INFO - Using default tokenizer.
2024-10-02 23:51:24 - absl - INFO - Using default tokenizer.
2024-10-02 23:51:25 - absl - INFO - Using default tokenizer.
2024-10-02 23:51:25 - absl - INFO - Using default tokenizer.
2024-10-02 23:51:26 - absl - INFO - Using default tokenizer.
2024-10-02 23:51:28 - absl - INFO - Using default tokenizer.
2024-10-02 23:51:28 - absl - INFO - Using default tokenizer.
2024-10-02 23:51:29 - absl - INFO - Using default tokenizer.
2024-10-02 23:51:29 - absl - INFO - Using default tokenizer.
2024-10-02 23:51:30 - absl - INFO - Using default tokenizer.
2024-10-02 23:51:30 - absl - INFO - Using default tokenizer.
2024-10-02 23:51:31 - absl - INFO - Using default tokenizer.
2024-10-02 23:51:31 - absl - INFO - Using default tokenizer.
2024-10-02 23:51:31 - absl - INFO - Using default tokenizer.
2024-10-02 23:51:32 - absl - INFO - Using default tokenizer.
2024-10-02 23:51:33 - absl - INFO - Using default tokenizer.
2024-10-02 23:51:33 - absl - INFO - Using default tokenizer.
2024-10-02 23:51:34 - absl - INFO - Using default tokenizer.
2024-10-02 23:51:35 - absl - INFO - Using default tokenizer.
2024-10-02 23:51:36 - absl - INFO - Using default tokenizer.
2024-10-02 23:51:36 - absl - INFO - Using default tokenizer.
2024-10-02 23:51:37 - absl - INFO - Using default tokenizer.
2024-10-02 23:51:37 - absl - INFO - Using default tokenizer.
2024-10-02 23:51:37 - absl - INFO - Using default tokenizer.
2024-10-02 23:51:38 - absl - INFO - Using default tokenizer.
2024-10-02 23:51:39 - absl - INFO - Using default tokenizer.
2024-10-02 23:51:39 - absl - INFO - Using default tokenizer.
2024-10-02 23:51:39 - absl - INFO - Using default tokenizer.
2024-10-02 23:51:42 - absl - INFO - Using default tokenizer.
2024-10-02 23:51:42 - absl - INFO - Using default tokenizer.
2024-10-02 23:51:43 - absl - INFO - Using default tokenizer.
2024-10-02 23:51:43 - absl - INFO - Using default tokenizer.
2024-10-02 23:51:44 - absl - INFO - Using default tokenizer.
2024-10-02 23:51:44 - absl - INFO - Using default tokenizer.
2024-10-02 23:51:44 - absl - INFO - Using default tokenizer.
2024-10-02 23:51:45 - absl - INFO - Using default tokenizer.
2024-10-02 23:51:45 - absl - INFO - Using default tokenizer.
2024-10-02 23:51:46 - absl - INFO - Using default tokenizer.
2024-10-02 23:51:46 - absl - INFO - Using default tokenizer.
2024-10-02 23:51:47 - absl - INFO - Using default tokenizer.
2024-10-02 23:51:47 - absl - INFO - Using default tokenizer.
2024-10-02 23:51:48 - absl - INFO - Using default tokenizer.
2024-10-02 23:51:48 - absl - INFO - Using default tokenizer.
2024-10-02 23:51:49 - absl - INFO - Using default tokenizer.
2024-10-02 23:51:49 - absl - INFO - Using default tokenizer.
2024-10-02 23:51:49 - absl - INFO - Using default tokenizer.
2024-10-02 23:51:50 - absl - INFO - Using default tokenizer.
2024-10-02 23:51:50 - absl - INFO - Using default tokenizer.
2024-10-02 23:51:51 - absl - INFO - Using default tokenizer.
2024-10-02 23:51:51 - absl - INFO - Using default tokenizer.
2024-10-02 23:51:52 - absl - INFO - Using default tokenizer.
2024-10-02 23:51:52 - absl - INFO - Using default tokenizer.
2024-10-02 23:51:53 - absl - INFO - Using default tokenizer.
2024-10-02 23:51:53 - absl - INFO - Using default tokenizer.
2024-10-02 23:51:53 - absl - INFO - Using default tokenizer.
2024-10-02 23:51:55 - absl - INFO - Using default tokenizer.
2024-10-02 23:51:56 - absl - INFO - Using default tokenizer.
2024-10-02 23:51:56 - absl - INFO - Using default tokenizer.
2024-10-02 23:51:57 - absl - INFO - Using default tokenizer.
2024-10-02 23:51:57 - absl - INFO - Using default tokenizer.
2024-10-02 23:51:58 - absl - INFO - Using default tokenizer.
2024-10-02 23:51:58 - absl - INFO - Using default tokenizer.
2024-10-02 23:51:59 - absl - INFO - Using default tokenizer.
2024-10-02 23:52:00 - absl - INFO - Using default tokenizer.
2024-10-02 23:52:01 - absl - INFO - Using default tokenizer.
2024-10-02 23:52:02 - absl - INFO - Using default tokenizer.
2024-10-02 23:52:04 - absl - INFO - Using default tokenizer.
2024-10-02 23:52:04 - absl - INFO - Using default tokenizer.
2024-10-02 23:52:05 - absl - INFO - Using default tokenizer.
2024-10-02 23:52:05 - absl - INFO - Using default tokenizer.
2024-10-02 23:52:06 - absl - INFO - Using default tokenizer.
2024-10-02 23:52:07 - absl - INFO - Using default tokenizer.
2024-10-02 23:52:07 - absl - INFO - Using default tokenizer.
2024-10-02 23:52:08 - absl - INFO - Using default tokenizer.
2024-10-02 23:52:08 - absl - INFO - Using default tokenizer.
2024-10-02 23:52:09 - absl - INFO - Using default tokenizer.
2024-10-02 23:52:09 - absl - INFO - Using default tokenizer.
2024-10-02 23:52:10 - absl - INFO - Using default tokenizer.
2024-10-02 23:52:10 - absl - INFO - Using default tokenizer.
2024-10-02 23:52:10 - absl - INFO - Using default tokenizer.
2024-10-02 23:52:11 - absl - INFO - Using default tokenizer.
2024-10-02 23:52:11 - absl - INFO - Using default tokenizer.
2024-10-02 23:52:12 - absl - INFO - Using default tokenizer.
2024-10-02 23:52:13 - absl - INFO - Using default tokenizer.
2024-10-02 23:52:14 - absl - INFO - Using default tokenizer.
2024-10-02 23:52:14 - absl - INFO - Using default tokenizer.
2024-10-02 23:52:15 - absl - INFO - Using default tokenizer.
2024-10-02 23:52:15 - absl - INFO - Using default tokenizer.
2024-10-02 23:52:16 - absl - INFO - Using default tokenizer.
2024-10-02 23:52:17 - absl - INFO - Using default tokenizer.
2024-10-02 23:52:17 - absl - INFO - Using default tokenizer.
2024-10-02 23:52:17 - absl - INFO - Using default tokenizer.
2024-10-02 23:52:18 - absl - INFO - Using default tokenizer.
2024-10-02 23:52:18 - absl - INFO - Using default tokenizer.
2024-10-02 23:52:18 - absl - INFO - Using default tokenizer.
2024-10-02 23:52:19 - absl - INFO - Using default tokenizer.
2024-10-02 23:52:20 - absl - INFO - Using default tokenizer.
2024-10-02 23:52:20 - absl - INFO - Using default tokenizer.
2024-10-02 23:52:21 - absl - INFO - Using default tokenizer.
2024-10-02 23:52:21 - absl - INFO - Using default tokenizer.
2024-10-02 23:52:22 - absl - INFO - Using default tokenizer.
2024-10-02 23:52:22 - absl - INFO - Using default tokenizer.
2024-10-02 23:52:22 - absl - INFO - Using default tokenizer.
2024-10-02 23:52:23 - absl - INFO - Using default tokenizer.
2024-10-02 23:52:23 - absl - INFO - Using default tokenizer.
2024-10-02 23:52:24 - absl - INFO - Using default tokenizer.
2024-10-02 23:52:25 - absl - INFO - Using default tokenizer.
2024-10-02 23:52:26 - absl - INFO - Using default tokenizer.
2024-10-02 23:52:27 - absl - INFO - Using default tokenizer.
2024-10-02 23:52:27 - absl - INFO - Using default tokenizer.
2024-10-02 23:52:27 - absl - INFO - Using default tokenizer.
2024-10-02 23:52:28 - absl - INFO - Using default tokenizer.
2024-10-02 23:52:28 - absl - INFO - Using default tokenizer.
2024-10-02 23:52:29 - absl - INFO - Using default tokenizer.
2024-10-02 23:52:29 - absl - INFO - Using default tokenizer.
2024-10-02 23:52:29 - absl - INFO - Using default tokenizer.
2024-10-02 23:52:30 - absl - INFO - Using default tokenizer.
2024-10-02 23:52:30 - absl - INFO - Using default tokenizer.
2024-10-02 23:52:31 - absl - INFO - Using default tokenizer.
2024-10-02 23:52:31 - absl - INFO - Using default tokenizer.
2024-10-02 23:52:31 - absl - INFO - Using default tokenizer.
2024-10-02 23:52:31 - absl - INFO - Using default tokenizer.
2024-10-02 23:52:32 - absl - INFO - Using default tokenizer.
2024-10-02 23:52:32 - absl - INFO - Using default tokenizer.
2024-10-02 23:52:33 - absl - INFO - Using default tokenizer.
2024-10-02 23:52:33 - absl - INFO - Using default tokenizer.
2024-10-02 23:52:36 - absl - INFO - Using default tokenizer.
2024-10-02 23:52:36 - absl - INFO - Using default tokenizer.
2024-10-02 23:52:37 - absl - INFO - Using default tokenizer.
2024-10-02 23:52:37 - absl - INFO - Using default tokenizer.
2024-10-02 23:52:38 - absl - INFO - Using default tokenizer.
2024-10-02 23:52:39 - absl - INFO - Using default tokenizer.
2024-10-02 23:52:40 - absl - INFO - Using default tokenizer.
2024-10-02 23:52:40 - absl - INFO - Using default tokenizer.
2024-10-02 23:52:40 - absl - INFO - Using default tokenizer.
2024-10-02 23:52:41 - absl - INFO - Using default tokenizer.
2024-10-02 23:52:41 - absl - INFO - Using default tokenizer.
2024-10-02 23:52:42 - absl - INFO - Using default tokenizer.
2024-10-02 23:52:42 - absl - INFO - Using default tokenizer.
2024-10-02 23:52:42 - absl - INFO - Using default tokenizer.
2024-10-02 23:52:43 - absl - INFO - Using default tokenizer.
2024-10-02 23:52:43 - absl - INFO - Using default tokenizer.
2024-10-02 23:52:44 - absl - INFO - Using default tokenizer.
2024-10-02 23:52:45 - absl - INFO - Using default tokenizer.
2024-10-02 23:52:45 - absl - INFO - Using default tokenizer.
2024-10-02 23:52:45 - absl - INFO - Using default tokenizer.
2024-10-02 23:52:46 - absl - INFO - Using default tokenizer.
2024-10-02 23:52:47 - absl - INFO - Using default tokenizer.
2024-10-02 23:52:47 - absl - INFO - Using default tokenizer.
2024-10-02 23:52:48 - absl - INFO - Using default tokenizer.
2024-10-02 23:52:48 - absl - INFO - Using default tokenizer.
2024-10-02 23:52:48 - absl - INFO - Using default tokenizer.
2024-10-02 23:52:49 - absl - INFO - Using default tokenizer.
2024-10-02 23:52:50 - absl - INFO - Using default tokenizer.
2024-10-02 23:52:50 - absl - INFO - Using default tokenizer.
2024-10-02 23:52:51 - absl - INFO - Using default tokenizer.
2024-10-02 23:52:51 - absl - INFO - Using default tokenizer.
2024-10-02 23:52:52 - absl - INFO - Using default tokenizer.
2024-10-02 23:52:52 - absl - INFO - Using default tokenizer.
2024-10-02 23:52:53 - absl - INFO - Using default tokenizer.
2024-10-02 23:52:53 - absl - INFO - Using default tokenizer.
2024-10-02 23:52:54 - absl - INFO - Using default tokenizer.
2024-10-02 23:52:54 - absl - INFO - Using default tokenizer.
2024-10-02 23:52:55 - absl - INFO - Using default tokenizer.
2024-10-02 23:52:55 - absl - INFO - Using default tokenizer.
2024-10-02 23:52:56 - absl - INFO - Using default tokenizer.
2024-10-02 23:52:56 - absl - INFO - Using default tokenizer.
2024-10-02 23:52:56 - absl - INFO - Using default tokenizer.
2024-10-02 23:52:57 - absl - INFO - Using default tokenizer.
2024-10-02 23:52:57 - absl - INFO - Using default tokenizer.
2024-10-02 23:52:58 - absl - INFO - Using default tokenizer.
2024-10-02 23:52:58 - absl - INFO - Using default tokenizer.
2024-10-02 23:52:59 - absl - INFO - Using default tokenizer.
2024-10-02 23:52:59 - absl - INFO - Using default tokenizer.
2024-10-02 23:52:59 - absl - INFO - Using default tokenizer.
2024-10-02 23:53:00 - absl - INFO - Using default tokenizer.
2024-10-02 23:53:00 - absl - INFO - Using default tokenizer.
2024-10-02 23:53:01 - absl - INFO - Using default tokenizer.
2024-10-02 23:53:01 - absl - INFO - Using default tokenizer.
2024-10-02 23:53:01 - absl - INFO - Using default tokenizer.
2024-10-02 23:53:02 - absl - INFO - Using default tokenizer.
2024-10-02 23:53:02 - absl - INFO - Using default tokenizer.
2024-10-02 23:53:03 - absl - INFO - Using default tokenizer.
2024-10-02 23:53:03 - absl - INFO - Using default tokenizer.
2024-10-02 23:53:04 - absl - INFO - Using default tokenizer.
2024-10-02 23:53:04 - absl - INFO - Using default tokenizer.
2024-10-02 23:53:06 - absl - INFO - Using default tokenizer.
2024-10-02 23:53:07 - absl - INFO - Using default tokenizer.
2024-10-02 23:53:07 - absl - INFO - Using default tokenizer.
2024-10-02 23:53:08 - absl - INFO - Using default tokenizer.
2024-10-02 23:53:08 - absl - INFO - Using default tokenizer.
2024-10-02 23:53:09 - absl - INFO - Using default tokenizer.
2024-10-02 23:53:09 - absl - INFO - Using default tokenizer.
2024-10-02 23:53:11 - absl - INFO - Using default tokenizer.
2024-10-02 23:53:12 - absl - INFO - Using default tokenizer.
2024-10-02 23:53:12 - absl - INFO - Using default tokenizer.
2024-10-02 23:53:13 - absl - INFO - Using default tokenizer.
2024-10-02 23:53:13 - absl - INFO - Using default tokenizer.
2024-10-02 23:53:13 - absl - INFO - Using default tokenizer.
2024-10-02 23:53:14 - absl - INFO - Using default tokenizer.
2024-10-02 23:53:14 - absl - INFO - Using default tokenizer.
2024-10-02 23:53:14 - absl - INFO - Using default tokenizer.
2024-10-02 23:53:15 - absl - INFO - Using default tokenizer.
2024-10-02 23:53:16 - absl - INFO - Using default tokenizer.
2024-10-02 23:53:16 - absl - INFO - Using default tokenizer.
2024-10-02 23:53:16 - absl - INFO - Using default tokenizer.
2024-10-02 23:53:17 - absl - INFO - Using default tokenizer.
2024-10-02 23:53:17 - absl - INFO - Using default tokenizer.
2024-10-02 23:53:19 - absl - INFO - Using default tokenizer.
2024-10-02 23:53:19 - absl - INFO - Using default tokenizer.
2024-10-02 23:53:20 - absl - INFO - Using default tokenizer.
2024-10-02 23:53:20 - absl - INFO - Using default tokenizer.
2024-10-02 23:53:21 - absl - INFO - Using default tokenizer.
2024-10-02 23:53:21 - absl - INFO - Using default tokenizer.
2024-10-02 23:53:22 - absl - INFO - Using default tokenizer.
2024-10-02 23:53:22 - absl - INFO - Using default tokenizer.
2024-10-02 23:53:23 - absl - INFO - Using default tokenizer.
2024-10-02 23:53:23 - absl - INFO - Using default tokenizer.
2024-10-02 23:53:23 - absl - INFO - Using default tokenizer.
2024-10-02 23:53:24 - absl - INFO - Using default tokenizer.
2024-10-02 23:53:24 - absl - INFO - Using default tokenizer.
2024-10-02 23:53:25 - absl - INFO - Using default tokenizer.
2024-10-02 23:53:25 - absl - INFO - Using default tokenizer.
2024-10-02 23:53:25 - absl - INFO - Using default tokenizer.
2024-10-02 23:53:26 - absl - INFO - Using default tokenizer.
2024-10-02 23:53:26 - absl - INFO - Using default tokenizer.
2024-10-02 23:53:26 - absl - INFO - Using default tokenizer.
2024-10-02 23:53:27 - absl - INFO - Using default tokenizer.
2024-10-02 23:53:27 - absl - INFO - Using default tokenizer.
2024-10-02 23:53:28 - absl - INFO - Using default tokenizer.
2024-10-02 23:53:29 - absl - INFO - Using default tokenizer.
2024-10-02 23:53:30 - absl - INFO - Using default tokenizer.
2024-10-02 23:53:30 - absl - INFO - Using default tokenizer.
2024-10-02 23:53:31 - absl - INFO - Using default tokenizer.
2024-10-02 23:53:31 - absl - INFO - Using default tokenizer.
2024-10-02 23:53:32 - absl - INFO - Using default tokenizer.
2024-10-02 23:53:32 - absl - INFO - Using default tokenizer.
2024-10-02 23:53:32 - absl - INFO - Using default tokenizer.
2024-10-02 23:53:33 - absl - INFO - Using default tokenizer.
2024-10-02 23:53:33 - absl - INFO - Using default tokenizer.
2024-10-02 23:53:34 - absl - INFO - Using default tokenizer.
2024-10-02 23:53:34 - absl - INFO - Using default tokenizer.
2024-10-02 23:53:36 - absl - INFO - Using default tokenizer.
2024-10-02 23:53:36 - absl - INFO - Using default tokenizer.
2024-10-02 23:53:37 - absl - INFO - Using default tokenizer.
2024-10-02 23:53:37 - absl - INFO - Using default tokenizer.
2024-10-02 23:53:37 - absl - INFO - Using default tokenizer.
2024-10-02 23:53:38 - absl - INFO - Using default tokenizer.
2024-10-02 23:53:38 - absl - INFO - Using default tokenizer.
2024-10-02 23:53:39 - absl - INFO - Using default tokenizer.
2024-10-02 23:53:39 - absl - INFO - Using default tokenizer.
2024-10-02 23:53:40 - absl - INFO - Using default tokenizer.
2024-10-02 23:53:40 - absl - INFO - Using default tokenizer.
2024-10-02 23:53:40 - absl - INFO - Using default tokenizer.
2024-10-02 23:53:41 - absl - INFO - Using default tokenizer.
2024-10-02 23:53:41 - absl - INFO - Using default tokenizer.
2024-10-02 23:53:42 - absl - INFO - Using default tokenizer.
2024-10-02 23:53:42 - absl - INFO - Using default tokenizer.
2024-10-02 23:53:43 - absl - INFO - Using default tokenizer.
2024-10-02 23:53:44 - absl - INFO - Using default tokenizer.
2024-10-02 23:53:44 - absl - INFO - Using default tokenizer.
2024-10-02 23:53:45 - absl - INFO - Using default tokenizer.
2024-10-02 23:53:45 - absl - INFO - Using default tokenizer.
2024-10-02 23:53:46 - absl - INFO - Using default tokenizer.
2024-10-02 23:53:46 - absl - INFO - Using default tokenizer.
2024-10-02 23:53:46 - absl - INFO - Using default tokenizer.
2024-10-02 23:53:47 - absl - INFO - Using default tokenizer.
2024-10-02 23:53:47 - absl - INFO - Using default tokenizer.
2024-10-02 23:53:48 - absl - INFO - Using default tokenizer.
2024-10-02 23:53:48 - absl - INFO - Using default tokenizer.
2024-10-02 23:53:49 - absl - INFO - Using default tokenizer.
2024-10-02 23:53:49 - absl - INFO - Using default tokenizer.
2024-10-02 23:53:50 - absl - INFO - Using default tokenizer.
2024-10-02 23:53:50 - __main__ - INFO - Model Testing Complete
1)rogue_score_1:0.4041547943851264
2)rogue_score_L:0.30532549492135425
